2022-10-12 00:31:26,283  INFO [main] Maven_SauceDemo:29 - Browser is maximized
2022-10-12 00:31:26,361  INFO [main] Maven_SauceDemo:32 - Implicit wait is applied
2022-10-12 00:31:29,242  INFO [main] Maven_SauceDemo:35 - Url is opened
2022-10-12 00:31:32,057  INFO [main] Maven_SauceDemo:41 - Entered username
2022-10-12 00:31:32,446  INFO [main] Maven_SauceDemo:43 - Entered password
2022-10-12 00:31:32,915  INFO [main] Maven_SauceDemo:45 - Clicked on login button
2022-10-12 00:31:32,917  INFO [main] Maven_SauceDemo:47 - End of @BeforeMethod
2022-10-12 00:31:32,961  INFO [main] Maven_SauceDemo:12 - Actual url is:--> https://www.saucedemo.com/inventory.html
2022-10-12 00:31:32,963  INFO [main] Maven_SauceDemo:15 - Given url is:--> https://www.saucedemo.com/inventory.html
2022-10-12 00:31:33,976  INFO [main] Maven_SauceDemo:55 - Browser closed
2022-10-12 00:31:33,977  INFO [main] Maven_SauceDemo:56 - End of program
2022-10-12 00:31:39,899  INFO [main] Maven_SauceDemo:24 - Browser opened
2022-10-12 00:31:40,071  INFO [main] Maven_SauceDemo:29 - Browser is maximized
2022-10-12 00:31:40,083  INFO [main] Maven_SauceDemo:32 - Implicit wait is applied
2022-10-12 00:31:43,114  INFO [main] Maven_SauceDemo:35 - Url is opened
2022-10-12 00:31:45,504  INFO [main] Maven_SauceDemo:41 - Entered username
2022-10-12 00:31:45,986  INFO [main] Maven_SauceDemo:43 - Entered password
2022-10-12 00:31:46,535  INFO [main] Maven_SauceDemo:45 - Clicked on login button
2022-10-12 00:31:46,536  INFO [main] Maven_SauceDemo:47 - End of @BeforeMethod
2022-10-12 00:31:46,570  INFO [main] Maven_SauceDemo:15 - Current url is:--> https://www.saucedemo.com/inventory.html
2022-10-12 00:31:46,895  INFO [main] Maven_SauceDemo:20 - Menu button has been clicked successfully
2022-10-12 00:31:49,157  INFO [main] Maven_SauceDemo:25 - Logout button has been clicked successfully
2022-10-12 00:31:51,160  INFO [main] Maven_SauceDemo:30 - Given url is:-->https://www.saucedemo.com/inventory.html
2022-10-12 00:31:51,162  INFO [main] Maven_SauceDemo:34 - Assertion has been applied.
2022-10-12 00:31:52,109  INFO [main] Maven_SauceDemo:55 - Browser closed
2022-10-12 00:31:52,110  INFO [main] Maven_SauceDemo:56 - End of program
2022-10-12 10:14:07,538  INFO [TestNG-test=Test-2] Maven_SauceDemo:29 - Browser is maximized
2022-10-12 10:14:07,718  INFO [TestNG-test=Test-1] Maven_SauceDemo:29 - Browser is maximized
2022-10-12 10:14:07,767  INFO [TestNG-test=Test-2] Maven_SauceDemo:32 - Implicit wait is applied
2022-10-12 10:14:07,786  INFO [TestNG-test=Test-1] Maven_SauceDemo:32 - Implicit wait is applied
2022-10-12 10:14:15,298  INFO [TestNG-test=Test-1] Maven_SauceDemo:35 - Url is opened
2022-10-12 10:14:15,342  INFO [TestNG-test=Test-2] Maven_SauceDemo:35 - Url is opened
2022-10-12 10:14:20,354  INFO [TestNG-test=Test-2] Maven_SauceDemo:41 - Entered username
2022-10-12 10:14:20,354  INFO [TestNG-test=Test-1] Maven_SauceDemo:41 - Entered username
2022-10-12 10:14:20,995  INFO [TestNG-test=Test-1] Maven_SauceDemo:43 - Entered password
2022-10-12 10:14:21,005  INFO [TestNG-test=Test-2] Maven_SauceDemo:43 - Entered password
2022-10-12 10:14:22,724  INFO [TestNG-test=Test-2] Maven_SauceDemo:45 - Clicked on login button
2022-10-12 10:14:22,726  INFO [TestNG-test=Test-2] Maven_SauceDemo:47 - End of @BeforeMethod
2022-10-12 10:14:23,254  INFO [TestNG-test=Test-1] Maven_SauceDemo:45 - Clicked on login button
2022-10-12 10:14:23,257  INFO [TestNG-test=Test-1] Maven_SauceDemo:47 - End of @BeforeMethod
2022-10-12 10:14:25,697  INFO [TestNG-test=Test-2] Maven_SauceDemo:15 - Current url is:--> https://www.saucedemo.com/inventory.html
2022-10-12 10:14:26,349  INFO [TestNG-test=Test-2] Maven_SauceDemo:20 - Menu button has been clicked successfully
2022-10-12 10:14:26,357  INFO [TestNG-test=Test-1] Maven_SauceDemo:12 - Actual url is:--> https://www.saucedemo.com/inventory.html
2022-10-12 10:14:26,358  INFO [TestNG-test=Test-1] Maven_SauceDemo:15 - Given url is:--> https://www.saucedemo.com/inventory.html
2022-10-12 10:14:28,897  INFO [TestNG-test=Test-2] Maven_SauceDemo:25 - Logout button has been clicked successfully
2022-10-12 10:14:30,898  INFO [TestNG-test=Test-2] Maven_SauceDemo:30 - Given url is:-->https://www.saucedemo.com/inventory.html
2022-10-12 10:14:30,941  INFO [TestNG-test=Test-2] Maven_SauceDemo:34 - Assertion has been applied.
2022-10-12 10:14:32,054  INFO [TestNG-test=Test-1] Maven_SauceDemo:55 - Browser closed
2022-10-12 10:14:32,055  INFO [TestNG-test=Test-1] Maven_SauceDemo:56 - End of program
2022-10-12 10:14:36,560  INFO [TestNG-test=Test-2] Maven_SauceDemo:55 - Browser closed
2022-10-12 10:14:36,562  INFO [TestNG-test=Test-2] Maven_SauceDemo:56 - End of program
2022-10-12 11:02:24,293  INFO [main] Maven_SauceDemo:31 - Browser is maximized
2022-10-12 11:02:24,455  INFO [main] Maven_SauceDemo:34 - Implicit wait is applied
2022-10-12 11:02:39,290  INFO [main] Maven_SauceDemo:37 - Url is opened
2022-10-12 11:02:45,950  INFO [main] Maven_SauceDemo:43 - Entered username
2022-10-12 11:02:46,402  INFO [main] Maven_SauceDemo:45 - Entered password
2022-10-12 11:02:47,851  INFO [main] Maven_SauceDemo:47 - Clicked on login button
2022-10-12 11:02:47,853  INFO [main] Maven_SauceDemo:49 - End of @BeforeMethod
2022-10-12 11:02:48,495  INFO [main] Maven_SauceDemo:13 - Actual url is:--> https://www.saucedemo.com/inventory.html
2022-10-12 11:02:48,496  INFO [main] Maven_SauceDemo:16 - Given url is:--> https://www.saucedemo.com/inventory.html
2022-10-12 11:02:49,729  INFO [main] Maven_SauceDemo:57 - Browser closed
2022-10-12 11:02:49,732  INFO [main] Maven_SauceDemo:58 - End of program
2022-10-12 13:11:42,811  INFO [main] Maven_SauceDemo:29 - Browser is maximized
2022-10-12 13:11:42,866  INFO [main] Maven_SauceDemo:32 - Implicit wait is applied
2022-10-12 13:11:54,036  INFO [main] Maven_SauceDemo:35 - Url is opened
2022-10-12 13:11:58,915  INFO [main] Maven_SauceDemo:41 - Entered username
2022-10-12 13:11:59,224  INFO [main] Maven_SauceDemo:43 - Entered password
2022-10-12 13:12:01,886  INFO [main] Maven_SauceDemo:45 - Clicked on login button
2022-10-12 13:12:01,894  INFO [main] Maven_SauceDemo:47 - End of @BeforeMethod
2022-10-12 13:12:01,921  INFO [main] Maven_SauceDemo:15 - Actual url is:--> https://www.saucedemo.com/inventory.html
2022-10-12 13:12:01,922  INFO [main] Maven_SauceDemo:18 - Given url is:--> https://www.saucedemo.com/inventory.html
2022-10-12 13:12:04,761  INFO [main] Maven_SauceDemo:55 - Browser closed
2022-10-12 13:12:04,762  INFO [main] Maven_SauceDemo:56 - End of program
2022-10-12 13:18:56,204  INFO [main] Maven_SauceDemo:29 - Browser is maximized
2022-10-12 13:18:56,223  INFO [main] Maven_SauceDemo:32 - Implicit wait is applied
2022-10-12 13:18:58,695  INFO [main] Maven_SauceDemo:35 - Url is opened
2022-10-12 13:19:01,123  INFO [main] Maven_SauceDemo:41 - Entered username
2022-10-12 13:19:01,252  INFO [main] Maven_SauceDemo:43 - Entered password
2022-10-12 13:19:01,833  INFO [main] Maven_SauceDemo:45 - Clicked on login button
2022-10-12 13:19:01,834  INFO [main] Maven_SauceDemo:47 - End of @BeforeMethod
2022-10-12 13:19:01,861  INFO [main] Maven_SauceDemo:15 - Current url is:--> https://www.saucedemo.com/inventory.html
2022-10-12 13:19:02,298  INFO [main] Maven_SauceDemo:20 - Menu button has been clicked successfully
2022-10-12 13:19:04,700  INFO [main] Maven_SauceDemo:25 - Logout button has been clicked successfully
2022-10-12 13:19:06,703  INFO [main] Maven_SauceDemo:30 - Given url is:-->https://www.saucedemo.com/inventory.html
2022-10-12 13:19:06,712  INFO [main] Maven_SauceDemo:34 - Assertion has been applied.
2022-10-12 13:19:09,077  INFO [main] Maven_SauceDemo:55 - Browser closed
2022-10-12 13:19:09,080  INFO [main] Maven_SauceDemo:56 - End of program
2022-10-12 13:22:25,915  INFO [main] Maven_SauceDemo:29 - Browser is maximized
2022-10-12 13:22:25,935  INFO [main] Maven_SauceDemo:32 - Implicit wait is applied
2022-10-12 13:22:27,768  INFO [main] Maven_SauceDemo:35 - Url is opened
2022-10-12 13:22:30,312  INFO [main] Maven_SauceDemo:41 - Entered username
2022-10-12 13:22:30,461  INFO [main] Maven_SauceDemo:43 - Entered password
2022-10-12 13:22:30,922  INFO [main] Maven_SauceDemo:45 - Clicked on login button
2022-10-12 13:22:30,923  INFO [main] Maven_SauceDemo:47 - End of @BeforeMethod
2022-10-12 13:22:30,947  INFO [main] Maven_SauceDemo:15 - Actual url is:--> https://www.saucedemo.com/inventory.html
2022-10-12 13:22:30,948  INFO [main] Maven_SauceDemo:18 - Given url is:--> https://www.saucedemo.com/inventory.html
2022-10-12 13:22:33,117  INFO [main] Maven_SauceDemo:55 - Browser closed
2022-10-12 13:22:33,118  INFO [main] Maven_SauceDemo:56 - End of program
2022-10-12 13:22:41,313  INFO [main] Maven_SauceDemo:24 - Browser opened
2022-10-12 13:22:41,372  INFO [main] Maven_SauceDemo:29 - Browser is maximized
2022-10-12 13:22:41,416  INFO [main] Maven_SauceDemo:32 - Implicit wait is applied
2022-10-12 13:22:44,175  INFO [main] Maven_SauceDemo:35 - Url is opened
2022-10-12 13:22:46,419  INFO [main] Maven_SauceDemo:41 - Entered username
2022-10-12 13:22:46,534  INFO [main] Maven_SauceDemo:43 - Entered password
2022-10-12 13:22:47,123  INFO [main] Maven_SauceDemo:45 - Clicked on login button
2022-10-12 13:22:47,125  INFO [main] Maven_SauceDemo:47 - End of @BeforeMethod
2022-10-12 13:22:47,150  INFO [main] Maven_SauceDemo:15 - Current url is:--> https://www.saucedemo.com/inventory.html
2022-10-12 13:22:47,473  INFO [main] Maven_SauceDemo:20 - Menu button has been clicked successfully
2022-10-12 13:22:49,806  INFO [main] Maven_SauceDemo:25 - Logout button has been clicked successfully
2022-10-12 13:22:51,807  INFO [main] Maven_SauceDemo:30 - Given url is:-->https://www.saucedemo.com/inventory.html
2022-10-12 13:22:51,808  INFO [main] Maven_SauceDemo:34 - Assertion has been applied.
2022-10-12 13:22:54,290  INFO [main] Maven_SauceDemo:55 - Browser closed
2022-10-12 13:22:54,291  INFO [main] Maven_SauceDemo:56 - End of program
2022-10-12 13:25:56,443  INFO [TestNG-test=Test-1] Maven_SauceDemo:29 - Browser is maximized
2022-10-12 13:25:56,465  INFO [TestNG-test=Test-1] Maven_SauceDemo:32 - Implicit wait is applied
2022-10-12 13:25:59,005  INFO [TestNG-test=Test-1] Maven_SauceDemo:35 - Url is opened
2022-10-12 13:26:01,421  INFO [TestNG-test=Test-1] Maven_SauceDemo:41 - Entered username
2022-10-12 13:26:01,556  INFO [TestNG-test=Test-1] Maven_SauceDemo:43 - Entered password
2022-10-12 13:26:01,992  INFO [TestNG-test=Test-1] Maven_SauceDemo:45 - Clicked on login button
2022-10-12 13:26:01,993  INFO [TestNG-test=Test-1] Maven_SauceDemo:47 - End of @BeforeMethod
2022-10-12 13:26:02,071  INFO [TestNG-test=Test-1] Maven_SauceDemo:15 - Actual url is:--> https://www.saucedemo.com/inventory.html
2022-10-12 13:26:02,086  INFO [TestNG-test=Test-1] Maven_SauceDemo:18 - Given url is:--> https://www.saucedemo.com/inventory.html
2022-10-12 13:26:04,085  INFO [TestNG-test=Test-1] Maven_SauceDemo:55 - Browser closed
2022-10-12 13:26:04,087  INFO [TestNG-test=Test-1] Maven_SauceDemo:56 - End of program
2022-10-12 13:26:29,201  INFO [TestNG-test=Test-2] Maven_SauceDemo:24 - Browser opened
2022-10-12 13:26:29,258  INFO [TestNG-test=Test-2] Maven_SauceDemo:29 - Browser is maximized
2022-10-12 13:26:29,275  INFO [TestNG-test=Test-2] Maven_SauceDemo:32 - Implicit wait is applied
2022-10-12 13:26:34,446  INFO [TestNG-test=Test-2] Maven_SauceDemo:35 - Url is opened
2022-10-12 13:26:36,732  INFO [TestNG-test=Test-2] Maven_SauceDemo:41 - Entered username
2022-10-12 13:26:36,870  INFO [TestNG-test=Test-2] Maven_SauceDemo:43 - Entered password
2022-10-12 13:26:37,345  INFO [TestNG-test=Test-2] Maven_SauceDemo:45 - Clicked on login button
2022-10-12 13:26:37,346  INFO [TestNG-test=Test-2] Maven_SauceDemo:47 - End of @BeforeMethod
2022-10-12 13:26:37,361  INFO [TestNG-test=Test-2] Maven_SauceDemo:15 - Current url is:--> https://www.saucedemo.com/inventory.html
2022-10-12 13:26:37,634  INFO [TestNG-test=Test-2] Maven_SauceDemo:20 - Menu button has been clicked successfully
2022-10-12 13:26:39,965  INFO [TestNG-test=Test-2] Maven_SauceDemo:25 - Logout button has been clicked successfully
2022-10-12 13:26:41,966  INFO [TestNG-test=Test-2] Maven_SauceDemo:30 - Given url is:-->https://www.saucedemo.com/inventory.html
2022-10-12 13:26:41,967  INFO [TestNG-test=Test-2] Maven_SauceDemo:34 - Assertion has been applied.
2022-10-12 13:26:44,083  INFO [TestNG-test=Test-2] Maven_SauceDemo:55 - Browser closed
2022-10-12 13:26:44,084  INFO [TestNG-test=Test-2] Maven_SauceDemo:56 - End of program
2022-10-12 13:56:52,328  INFO [TestNG-test=Test-2] Maven_SauceDemo:29 - Browser is maximized
2022-10-12 13:56:52,348  INFO [TestNG-test=Test-2] Maven_SauceDemo:32 - Implicit wait is applied
2022-10-12 13:56:54,282  INFO [TestNG-test=Test-2] Maven_SauceDemo:35 - Url is opened
2022-10-12 13:56:56,729  INFO [TestNG-test=Test-2] Maven_SauceDemo:41 - Entered username
2022-10-12 13:56:56,861  INFO [TestNG-test=Test-2] Maven_SauceDemo:43 - Entered password
2022-10-12 13:56:57,345  INFO [TestNG-test=Test-2] Maven_SauceDemo:45 - Clicked on login button
2022-10-12 13:56:57,346  INFO [TestNG-test=Test-2] Maven_SauceDemo:47 - End of @BeforeMethod
2022-10-12 13:56:57,371  INFO [TestNG-test=Test-2] Maven_SauceDemo:15 - Current url is:--> https://www.saucedemo.com/inventory.html
2022-10-12 13:56:57,664  INFO [TestNG-test=Test-2] Maven_SauceDemo:20 - Menu button has been clicked successfully
2022-10-12 13:57:00,014  INFO [TestNG-test=Test-2] Maven_SauceDemo:25 - Logout button has been clicked successfully
2022-10-12 13:57:02,017  INFO [TestNG-test=Test-2] Maven_SauceDemo:30 - Given url is:-->https://www.saucedemo.com/inventory.html
2022-10-12 13:57:02,025  INFO [TestNG-test=Test-2] Maven_SauceDemo:34 - Assertion has been applied.
2022-10-12 13:57:07,300  INFO [TestNG-test=Test-2] Maven_SauceDemo:55 - Browser closed
2022-10-12 13:57:07,301  INFO [TestNG-test=Test-2] Maven_SauceDemo:56 - End of program
2022-10-12 13:57:17,543  INFO [TestNG-test=Test-1] Maven_SauceDemo:24 - Browser opened
2022-10-12 13:57:17,829  INFO [TestNG-test=Test-1] Maven_SauceDemo:29 - Browser is maximized
2022-10-12 13:57:17,844  INFO [TestNG-test=Test-1] Maven_SauceDemo:32 - Implicit wait is applied
2022-10-12 13:57:22,392  INFO [TestNG-test=Test-1] Maven_SauceDemo:35 - Url is opened
2022-10-12 13:57:24,951  INFO [TestNG-test=Test-1] Maven_SauceDemo:41 - Entered username
2022-10-12 13:57:25,311  INFO [TestNG-test=Test-1] Maven_SauceDemo:43 - Entered password
2022-10-12 13:57:26,017  INFO [TestNG-test=Test-1] Maven_SauceDemo:45 - Clicked on login button
2022-10-12 13:57:26,018  INFO [TestNG-test=Test-1] Maven_SauceDemo:47 - End of @BeforeMethod
2022-10-12 13:57:26,068  INFO [TestNG-test=Test-1] Maven_SauceDemo:12 - Actual url is:--> https://www.saucedemo.com/inventory.html
2022-10-12 13:57:26,069  INFO [TestNG-test=Test-1] Maven_SauceDemo:15 - Given url is:--> https://www.saucedemo.com/inventory.html
2022-10-12 13:57:27,554  INFO [TestNG-test=Test-1] Maven_SauceDemo:55 - Browser closed
2022-10-12 13:57:27,555  INFO [TestNG-test=Test-1] Maven_SauceDemo:56 - End of program
2022-10-12 13:58:51,132  INFO [TestNG-test=Test-1] Maven_SauceDemo:29 - Browser is maximized
2022-10-12 13:58:51,151  INFO [TestNG-test=Test-1] Maven_SauceDemo:32 - Implicit wait is applied
2022-10-12 13:58:55,322  INFO [TestNG-test=Test-1] Maven_SauceDemo:35 - Url is opened
2022-10-12 13:58:56,452  INFO [TestNG-test=Test-2] Maven_SauceDemo:24 - Browser opened
2022-10-12 13:58:56,477  INFO [TestNG-test=Test-2] Maven_SauceDemo:29 - Browser is maximized
2022-10-12 13:58:56,490  INFO [TestNG-test=Test-2] Maven_SauceDemo:32 - Implicit wait is applied
2022-10-12 13:58:58,129  INFO [TestNG-test=Test-1] Maven_SauceDemo:41 - Entered username
2022-10-12 13:58:58,458  INFO [TestNG-test=Test-1] Maven_SauceDemo:43 - Entered password
2022-10-12 13:58:58,858  INFO [TestNG-test=Test-1] Maven_SauceDemo:45 - Clicked on login button
2022-10-12 13:58:58,859  INFO [TestNG-test=Test-1] Maven_SauceDemo:47 - End of @BeforeMethod
2022-10-12 13:58:58,964  INFO [TestNG-test=Test-1] Maven_SauceDemo:12 - Actual url is:--> https://www.saucedemo.com/inventory.html
2022-10-12 13:58:58,965  INFO [TestNG-test=Test-1] Maven_SauceDemo:15 - Given url is:--> https://www.saucedemo.com/inventory.html
2022-10-12 13:59:01,654  INFO [TestNG-test=Test-1] Maven_SauceDemo:55 - Browser closed
2022-10-12 13:59:01,656  INFO [TestNG-test=Test-1] Maven_SauceDemo:56 - End of program
2022-10-12 13:59:04,231  INFO [TestNG-test=Test-2] Maven_SauceDemo:35 - Url is opened
2022-10-12 13:59:06,515  INFO [TestNG-test=Test-2] Maven_SauceDemo:41 - Entered username
2022-10-12 13:59:06,689  INFO [TestNG-test=Test-2] Maven_SauceDemo:43 - Entered password
2022-10-12 13:59:07,156  INFO [TestNG-test=Test-2] Maven_SauceDemo:45 - Clicked on login button
2022-10-12 13:59:07,157  INFO [TestNG-test=Test-2] Maven_SauceDemo:47 - End of @BeforeMethod
2022-10-12 13:59:07,173  INFO [TestNG-test=Test-2] Maven_SauceDemo:15 - Current url is:--> https://www.saucedemo.com/inventory.html
2022-10-12 13:59:07,479  INFO [TestNG-test=Test-2] Maven_SauceDemo:20 - Menu button has been clicked successfully
2022-10-12 13:59:09,789  INFO [TestNG-test=Test-2] Maven_SauceDemo:25 - Logout button has been clicked successfully
2022-10-12 13:59:11,790  INFO [TestNG-test=Test-2] Maven_SauceDemo:30 - Given url is:-->https://www.saucedemo.com/inventory.html
2022-10-12 13:59:11,791  INFO [TestNG-test=Test-2] Maven_SauceDemo:34 - Assertion has been applied.
2022-10-12 13:59:14,105  INFO [TestNG-test=Test-2] Maven_SauceDemo:55 - Browser closed
2022-10-12 13:59:14,106  INFO [TestNG-test=Test-2] Maven_SauceDemo:56 - End of program
2022-10-12 15:41:17,754  INFO [TestNG-test=Test-2] Maven_SauceDemo:29 - Browser is maximized
2022-10-12 15:41:17,837  INFO [TestNG-test=Test-1] Maven_SauceDemo:29 - Browser is maximized
2022-10-12 15:41:17,934  INFO [TestNG-test=Test-2] Maven_SauceDemo:32 - Implicit wait is applied
2022-10-12 15:41:17,943  INFO [TestNG-test=Test-1] Maven_SauceDemo:32 - Implicit wait is applied
2022-10-12 15:41:32,521  INFO [TestNG-test=Test-2] Maven_SauceDemo:35 - Url is opened
2022-10-12 15:41:32,524  INFO [TestNG-test=Test-1] Maven_SauceDemo:35 - Url is opened
2022-10-12 15:41:37,976  INFO [TestNG-test=Test-1] Maven_SauceDemo:41 - Entered username
2022-10-12 15:41:37,986  INFO [TestNG-test=Test-2] Maven_SauceDemo:41 - Entered username
2022-10-12 15:41:38,509  INFO [TestNG-test=Test-1] Maven_SauceDemo:43 - Entered password
2022-10-12 15:41:38,527  INFO [TestNG-test=Test-2] Maven_SauceDemo:43 - Entered password
2022-10-12 15:41:40,464  INFO [TestNG-test=Test-1] Maven_SauceDemo:45 - Clicked on login button
2022-10-12 15:41:40,465  INFO [TestNG-test=Test-1] Maven_SauceDemo:47 - End of @BeforeMethod
2022-10-12 15:41:40,491  INFO [TestNG-test=Test-2] Maven_SauceDemo:45 - Clicked on login button
2022-10-12 15:41:40,492  INFO [TestNG-test=Test-2] Maven_SauceDemo:47 - End of @BeforeMethod
2022-10-12 15:41:40,526  INFO [TestNG-test=Test-1] Maven_SauceDemo:12 - Actual url is:--> https://www.saucedemo.com/inventory.html
2022-10-12 15:41:40,527  INFO [TestNG-test=Test-1] Maven_SauceDemo:15 - Given url is:--> https://www.saucedemo.com/inventory.html
2022-10-12 15:41:40,548  INFO [TestNG-test=Test-2] Maven_SauceDemo:15 - Current url is:--> https://www.saucedemo.com/inventory.html
2022-10-12 15:41:41,877  INFO [TestNG-test=Test-2] Maven_SauceDemo:20 - Menu button has been clicked successfully
2022-10-12 15:41:42,406  INFO [TestNG-test=Test-1] Maven_SauceDemo:55 - Browser closed
2022-10-12 15:41:42,407  INFO [TestNG-test=Test-1] Maven_SauceDemo:56 - End of program
2022-10-12 15:41:44,155  INFO [TestNG-test=Test-2] Maven_SauceDemo:25 - Logout button has been clicked successfully
2022-10-12 15:41:46,157  INFO [TestNG-test=Test-2] Maven_SauceDemo:30 - Given url is:-->https://www.saucedemo.com/inventory.html
2022-10-12 15:41:46,161  INFO [TestNG-test=Test-2] Maven_SauceDemo:34 - Assertion has been applied.
2022-10-12 15:41:47,534  INFO [TestNG-test=Test-2] Maven_SauceDemo:55 - Browser closed
2022-10-12 15:41:47,535  INFO [TestNG-test=Test-2] Maven_SauceDemo:56 - End of program
2022-10-12 16:02:34,577  INFO [main] Maven_SauceDemo:42 - Browser is maximized
2022-10-12 16:02:34,709  INFO [main] Maven_SauceDemo:45 - Implicit wait is applied
2022-10-12 16:02:41,732  INFO [main] Maven_SauceDemo:48 - Url is opened
2022-10-12 16:02:45,779  INFO [main] Maven_SauceDemo:54 - Entered username
2022-10-12 16:02:45,998  INFO [main] Maven_SauceDemo:56 - Entered password
2022-10-12 16:02:49,214  INFO [main] Maven_SauceDemo:58 - Clicked on login button
2022-10-12 16:02:49,215  INFO [main] Maven_SauceDemo:60 - End of @BeforeMethod
2022-10-12 16:02:49,259  INFO [main] Maven_SauceDemo:12 - Actual url is:--> https://www.saucedemo.com/inventory.html
2022-10-12 16:02:49,260  INFO [main] Maven_SauceDemo:15 - Given url is:--> https://www.saucedemo.com/inventory.html
2022-10-12 16:02:54,705  INFO [main] Maven_SauceDemo:68 - Browser closed
2022-10-12 16:02:54,706  INFO [main] Maven_SauceDemo:69 - End of program
2022-10-12 16:04:10,165  INFO [main] Maven_SauceDemo:42 - Browser is maximized
2022-10-12 16:04:10,219  INFO [main] Maven_SauceDemo:45 - Implicit wait is applied
2022-10-12 16:04:33,605  INFO [main] Maven_SauceDemo:48 - Url is opened
2022-10-12 16:04:36,121  INFO [main] Maven_SauceDemo:54 - Entered username
2022-10-12 16:04:36,252  INFO [main] Maven_SauceDemo:56 - Entered password
2022-10-12 16:04:36,959  INFO [main] Maven_SauceDemo:58 - Clicked on login button
2022-10-12 16:04:36,960  INFO [main] Maven_SauceDemo:60 - End of @BeforeMethod
2022-10-12 16:04:37,003  INFO [main] Maven_SauceDemo:15 - Current url is:--> https://www.saucedemo.com/inventory.html
2022-10-12 16:04:37,495  INFO [main] Maven_SauceDemo:20 - Menu button has been clicked successfully
2022-10-12 16:04:39,972  INFO [main] Maven_SauceDemo:25 - Logout button has been clicked successfully
2022-10-12 16:04:41,973  INFO [main] Maven_SauceDemo:30 - Given url is:-->https://www.saucedemo.com/inventory.html
2022-10-12 16:04:41,996  INFO [main] Maven_SauceDemo:34 - Assertion has been applied.
2022-10-12 16:04:44,555  INFO [main] Maven_SauceDemo:68 - Browser closed
2022-10-12 16:04:44,557  INFO [main] Maven_SauceDemo:69 - End of program
2022-10-12 16:10:19,714  INFO [TestNG-test=TestFirefox-1] Maven_SauceDemo:42 - Browser is maximized
2022-10-12 16:10:19,718  INFO [TestNG-test=TestFirefox-2] Maven_SauceDemo:42 - Browser is maximized
2022-10-12 16:10:19,980  INFO [TestNG-test=TestFirefox-1] Maven_SauceDemo:45 - Implicit wait is applied
2022-10-12 16:10:19,992  INFO [TestNG-test=TestFirefox-2] Maven_SauceDemo:45 - Implicit wait is applied
2022-10-12 16:11:06,546  INFO [TestNG-test=TestFirefox-1] Maven_SauceDemo:48 - Url is opened
2022-10-12 16:11:10,207  INFO [TestNG-test=TestFirefox-1] Maven_SauceDemo:54 - Entered username
2022-10-12 16:11:10,503  INFO [TestNG-test=TestFirefox-1] Maven_SauceDemo:56 - Entered password
2022-10-12 16:11:10,710  INFO [TestNG-test=TestFirefox-2] Maven_SauceDemo:48 - Url is opened
2022-10-12 16:11:11,940  INFO [TestNG-test=TestFirefox-1] Maven_SauceDemo:58 - Clicked on login button
2022-10-12 16:11:11,942  INFO [TestNG-test=TestFirefox-1] Maven_SauceDemo:60 - End of @BeforeMethod
2022-10-12 16:11:11,963  INFO [TestNG-test=TestFirefox-1] Maven_SauceDemo:12 - Actual url is:--> https://www.saucedemo.com/inventory.html
2022-10-12 16:11:11,964  INFO [TestNG-test=TestFirefox-1] Maven_SauceDemo:15 - Given url is:--> https://www.saucedemo.com/inventory.html
2022-10-12 16:11:13,104  INFO [TestNG-test=TestFirefox-2] Maven_SauceDemo:54 - Entered username
2022-10-12 16:11:13,265  INFO [TestNG-test=TestFirefox-2] Maven_SauceDemo:56 - Entered password
2022-10-12 16:11:15,963  INFO [TestNG-test=TestFirefox-2] Maven_SauceDemo:58 - Clicked on login button
2022-10-12 16:11:15,965  INFO [TestNG-test=TestFirefox-2] Maven_SauceDemo:60 - End of @BeforeMethod
2022-10-12 16:11:15,986  INFO [TestNG-test=TestFirefox-2] Maven_SauceDemo:15 - Current url is:--> https://www.saucedemo.com/inventory.html
2022-10-12 16:11:17,475  INFO [TestNG-test=TestFirefox-2] Maven_SauceDemo:20 - Menu button has been clicked successfully
2022-10-12 16:11:20,006  INFO [TestNG-test=TestFirefox-2] Maven_SauceDemo:25 - Logout button has been clicked successfully
2022-10-12 16:11:21,310  INFO [TestNG-test=TestFirefox-1] Maven_SauceDemo:68 - Browser closed
2022-10-12 16:11:21,311  INFO [TestNG-test=TestFirefox-1] Maven_SauceDemo:69 - End of program
2022-10-12 16:11:22,026  INFO [TestNG-test=TestFirefox-2] Maven_SauceDemo:30 - Given url is:-->https://www.saucedemo.com/inventory.html
2022-10-12 16:11:22,028  INFO [TestNG-test=TestFirefox-2] Maven_SauceDemo:34 - Assertion has been applied.
2022-10-12 16:11:25,033  INFO [TestNG-test=TestFirefox-2] Maven_SauceDemo:68 - Browser closed
2022-10-12 16:11:25,034  INFO [TestNG-test=TestFirefox-2] Maven_SauceDemo:69 - End of program
2022-10-12 16:13:29,317  INFO [TestNG-test=TestFirefox-2] Maven_SauceDemo:42 - Browser is maximized
2022-10-12 16:13:29,332  INFO [TestNG-test=TestFirefox-1] Maven_SauceDemo:42 - Browser is maximized
2022-10-12 16:13:29,418  INFO [TestNG-test=TestFirefox-1] Maven_SauceDemo:45 - Implicit wait is applied
2022-10-12 16:13:29,430  INFO [TestNG-test=TestFirefox-2] Maven_SauceDemo:45 - Implicit wait is applied
2022-10-12 16:13:57,100  INFO [TestNG-test=TestFirefox-1] Maven_SauceDemo:48 - Url is opened
2022-10-12 16:13:57,112  INFO [TestNG-test=TestFirefox-2] Maven_SauceDemo:48 - Url is opened
2022-10-12 16:14:04,350  INFO [TestNG-test=TestFirefox-2] Maven_SauceDemo:54 - Entered username
2022-10-12 16:14:04,390  INFO [TestNG-test=TestFirefox-1] Maven_SauceDemo:54 - Entered username
2022-10-12 16:14:04,739  INFO [TestNG-test=TestFirefox-1] Maven_SauceDemo:56 - Entered password
2022-10-12 16:14:04,763  INFO [TestNG-test=TestFirefox-2] Maven_SauceDemo:56 - Entered password
2022-10-12 16:14:08,911  INFO [TestNG-test=TestFirefox-1] Maven_SauceDemo:58 - Clicked on login button
2022-10-12 16:14:08,912  INFO [TestNG-test=TestFirefox-1] Maven_SauceDemo:60 - End of @BeforeMethod
2022-10-12 16:14:08,955  INFO [TestNG-test=TestFirefox-2] Maven_SauceDemo:58 - Clicked on login button
2022-10-12 16:14:08,956  INFO [TestNG-test=TestFirefox-2] Maven_SauceDemo:60 - End of @BeforeMethod
2022-10-12 16:14:09,605  INFO [TestNG-test=TestFirefox-1] Maven_SauceDemo:12 - Actual url is:--> https://www.saucedemo.com/inventory.html
2022-10-12 16:14:09,606  INFO [TestNG-test=TestFirefox-1] Maven_SauceDemo:15 - Given url is:--> https://www.saucedemo.com/inventory.html
2022-10-12 16:14:09,610  INFO [TestNG-test=TestFirefox-2] Maven_SauceDemo:15 - Current url is:--> https://www.saucedemo.com/inventory.html
2022-10-12 16:14:10,653  INFO [TestNG-test=TestFirefox-2] Maven_SauceDemo:20 - Menu button has been clicked successfully
2022-10-12 16:14:13,025  INFO [TestNG-test=TestFirefox-2] Maven_SauceDemo:25 - Logout button has been clicked successfully
2022-10-12 16:14:15,026  INFO [TestNG-test=TestFirefox-2] Maven_SauceDemo:30 - Given url is:-->https://www.saucedemo.com/inventory.html
2022-10-12 16:14:15,027  INFO [TestNG-test=TestFirefox-2] Maven_SauceDemo:34 - Assertion has been applied.
2022-10-12 16:14:16,420  INFO [TestNG-test=TestFirefox-1] Maven_SauceDemo:68 - Browser closed
2022-10-12 16:14:16,421  INFO [TestNG-test=TestFirefox-1] Maven_SauceDemo:69 - End of program
2022-10-12 16:14:19,199  INFO [TestNG-test=TestFirefox-2] Maven_SauceDemo:68 - Browser closed
2022-10-12 16:14:19,200  INFO [TestNG-test=TestFirefox-2] Maven_SauceDemo:69 - End of program
2022-10-12 16:16:13,673  INFO [TestNG-test=TestFirefox-2] Maven_SauceDemo:42 - Browser is maximized
2022-10-12 16:16:13,761  INFO [TestNG-test=TestChrome-1] Maven_SauceDemo:37 - Browser opened
2022-10-12 16:16:13,761  INFO [TestNG-test=TestChrome-2] Maven_SauceDemo:37 - Browser opened
2022-10-12 16:16:13,703  INFO [TestNG-test=TestFirefox-1] Maven_SauceDemo:42 - Browser is maximized
2022-10-12 16:16:14,236  INFO [TestNG-test=TestFirefox-2] Maven_SauceDemo:45 - Implicit wait is applied
2022-10-12 16:16:14,237  INFO [TestNG-test=TestFirefox-1] Maven_SauceDemo:45 - Implicit wait is applied
2022-10-12 16:16:15,080  INFO [TestNG-test=TestChrome-1] Maven_SauceDemo:42 - Browser is maximized
2022-10-12 16:16:15,098  INFO [TestNG-test=TestChrome-1] Maven_SauceDemo:45 - Implicit wait is applied
2022-10-12 16:16:15,154  INFO [TestNG-test=TestChrome-2] Maven_SauceDemo:42 - Browser is maximized
2022-10-12 16:16:15,167  INFO [TestNG-test=TestChrome-2] Maven_SauceDemo:45 - Implicit wait is applied
2022-10-12 16:16:28,254  INFO [TestNG-test=TestFirefox-1] Maven_SauceDemo:48 - Url is opened
2022-10-12 16:16:28,260  INFO [TestNG-test=TestFirefox-2] Maven_SauceDemo:48 - Url is opened
2022-10-12 16:16:35,668  INFO [TestNG-test=TestFirefox-2] Maven_SauceDemo:54 - Entered username
2022-10-12 16:16:35,680  INFO [TestNG-test=TestFirefox-1] Maven_SauceDemo:54 - Entered username
2022-10-12 16:16:36,402  INFO [TestNG-test=TestFirefox-1] Maven_SauceDemo:56 - Entered password
2022-10-12 16:16:36,450  INFO [TestNG-test=TestFirefox-2] Maven_SauceDemo:56 - Entered password
2022-10-12 16:16:40,792  INFO [TestNG-test=TestFirefox-1] Maven_SauceDemo:58 - Clicked on login button
2022-10-12 16:16:40,793  INFO [TestNG-test=TestFirefox-1] Maven_SauceDemo:60 - End of @BeforeMethod
2022-10-12 16:16:40,833  INFO [TestNG-test=TestFirefox-1] Maven_SauceDemo:12 - Actual url is:--> https://www.saucedemo.com/inventory.html
2022-10-12 16:16:40,834  INFO [TestNG-test=TestFirefox-1] Maven_SauceDemo:15 - Given url is:--> https://www.saucedemo.com/inventory.html
2022-10-12 16:16:41,285  INFO [TestNG-test=TestFirefox-2] Maven_SauceDemo:58 - Clicked on login button
2022-10-12 16:16:41,286  INFO [TestNG-test=TestFirefox-2] Maven_SauceDemo:60 - End of @BeforeMethod
2022-10-12 16:16:41,303  INFO [TestNG-test=TestFirefox-2] Maven_SauceDemo:15 - Current url is:--> https://www.saucedemo.com/inventory.html
2022-10-12 16:16:42,455  INFO [TestNG-test=TestFirefox-2] Maven_SauceDemo:20 - Menu button has been clicked successfully
2022-10-12 16:16:45,212  INFO [TestNG-test=TestFirefox-2] Maven_SauceDemo:25 - Logout button has been clicked successfully
2022-10-12 16:16:45,666  INFO [TestNG-test=TestChrome-2] Maven_SauceDemo:48 - Url is opened
2022-10-12 16:16:45,953  INFO [TestNG-test=TestChrome-1] Maven_SauceDemo:48 - Url is opened
2022-10-12 16:16:47,214  INFO [TestNG-test=TestFirefox-2] Maven_SauceDemo:30 - Given url is:-->https://www.saucedemo.com/inventory.html
2022-10-12 16:16:47,215  INFO [TestNG-test=TestFirefox-2] Maven_SauceDemo:34 - Assertion has been applied.
2022-10-12 16:16:52,565  INFO [TestNG-test=TestFirefox-2] Maven_SauceDemo:68 - Browser closed
2022-10-12 16:16:52,568  INFO [TestNG-test=TestFirefox-2] Maven_SauceDemo:69 - End of program
2022-10-12 16:16:52,650  INFO [TestNG-test=TestFirefox-1] Maven_SauceDemo:68 - Browser closed
2022-10-12 16:16:52,652  INFO [TestNG-test=TestFirefox-1] Maven_SauceDemo:69 - End of program
2022-10-12 16:16:54,698  INFO [TestNG-test=TestChrome-2] Maven_SauceDemo:54 - Entered username
2022-10-12 16:16:54,728  INFO [TestNG-test=TestChrome-1] Maven_SauceDemo:54 - Entered username
2022-10-12 16:16:55,201  INFO [TestNG-test=TestChrome-1] Maven_SauceDemo:56 - Entered password
2022-10-12 16:16:55,239  INFO [TestNG-test=TestChrome-2] Maven_SauceDemo:56 - Entered password
2022-10-12 16:16:58,451  INFO [TestNG-test=TestChrome-2] Maven_SauceDemo:58 - Clicked on login button
2022-10-12 16:16:58,453  INFO [TestNG-test=TestChrome-2] Maven_SauceDemo:60 - End of @BeforeMethod
2022-10-12 16:16:58,498  INFO [TestNG-test=TestChrome-1] Maven_SauceDemo:58 - Clicked on login button
2022-10-12 16:16:58,498  INFO [TestNG-test=TestChrome-1] Maven_SauceDemo:60 - End of @BeforeMethod
2022-10-12 16:16:59,060  INFO [TestNG-test=TestChrome-2] Maven_SauceDemo:15 - Current url is:--> https://www.saucedemo.com/inventory.html
2022-10-12 16:16:59,420  INFO [TestNG-test=TestChrome-2] Maven_SauceDemo:20 - Menu button has been clicked successfully
2022-10-12 16:16:59,553  INFO [TestNG-test=TestChrome-1] Maven_SauceDemo:12 - Actual url is:--> https://www.saucedemo.com/inventory.html
2022-10-12 16:16:59,554  INFO [TestNG-test=TestChrome-1] Maven_SauceDemo:15 - Given url is:--> https://www.saucedemo.com/inventory.html
2022-10-12 16:17:01,117  INFO [TestNG-test=TestChrome-1] Maven_SauceDemo:68 - Browser closed
2022-10-12 16:17:01,118  INFO [TestNG-test=TestChrome-1] Maven_SauceDemo:69 - End of program
2022-10-12 16:17:01,812  INFO [TestNG-test=TestChrome-2] Maven_SauceDemo:25 - Logout button has been clicked successfully
2022-10-12 16:17:03,813  INFO [TestNG-test=TestChrome-2] Maven_SauceDemo:30 - Given url is:-->https://www.saucedemo.com/inventory.html
2022-10-12 16:17:03,814  INFO [TestNG-test=TestChrome-2] Maven_SauceDemo:34 - Assertion has been applied.
2022-10-12 16:17:04,862  INFO [TestNG-test=TestChrome-2] Maven_SauceDemo:68 - Browser closed
2022-10-12 16:17:04,862  INFO [TestNG-test=TestChrome-2] Maven_SauceDemo:69 - End of program
